{
  "stats": {
    "suites": 0,
    "tests": 1,
    "passes": 0,
    "pending": 0,
    "failures": 1,
    "start": "2023-05-30T02:06:14.854Z",
    "end": "2023-05-30T02:06:15.517Z",
    "duration": 663,
    "testsRegistered": 1,
    "passPercent": 0,
    "pendingPercent": 0,
    "other": 0,
    "hasOther": false,
    "skipped": 0,
    "hasSkipped": false
  },
  "results": [
    {
      "uuid": "2c68233f-0efc-4e0c-99f1-e51972cc8d92",
      "title": "",
      "fullFile": "cypress\\component\\MapContent.cy.js",
      "file": "cypress\\component\\MapContent.cy.js",
      "beforeHooks": [],
      "afterHooks": [],
      "tests": [
        {
          "title": "An uncaught error was detected outside of a test",
          "fullTitle": "An uncaught error was detected outside of a test",
          "timedOut": null,
          "duration": 604,
          "state": "failed",
          "speed": null,
          "pass": false,
          "fail": true,
          "pending": false,
          "context": null,
          "code": "throw err;",
          "err": {
            "message": "Error: The following error originated from your test code, not from Cypress.\n\n  > Module build failed (from ./node_modules/sass-loader/dist/cjs.js):\nError: ENOENT: no such file or directory, scandir 'C:\\Users\\jkho021\\Workspace\\web\\mapintegratedvuer\\node_modules\\node-sass\\vendor'\n    at Object.readdirSync (fs.js:854:3)\n    at Object.getInstalledBinaries (C:\\Users\\jkho021\\Workspace\\web\\mapintegratedvuer\\node_modules\\node-sass\\lib\\extensions.js:133:13)\n    at foundBinariesList (C:\\Users\\jkho021\\Workspace\\web\\mapintegratedvuer\\node_modules\\node-sass\\lib\\errors.js:20:15)\n    at foundBinaries (C:\\Users\\jkho021\\Workspace\\web\\mapintegratedvuer\\node_modules\\node-sass\\lib\\errors.js:15:5)\n    at Object.module.exports.missingBinary (C:\\Users\\jkho021\\Workspace\\web\\mapintegratedvuer\\node_modules\\node-sass\\lib\\errors.js:45:5)\n    at module.exports (C:\\Users\\jkho021\\Workspace\\web\\mapintegratedvuer\\node_modules\\node-sass\\lib\\binding.js:15:30)\n    at Object.<anonymous> (C:\\Users\\jkho021\\Workspace\\web\\mapintegratedvuer\\node_modules\\node-sass\\lib\\index.js:14:35)\n    at Module._compile (internal/modules/cjs/loader.js:959:30)\n    at Object.Module._extensions..js (internal/modules/cjs/loader.js:995:10)\n    at Module.load (internal/modules/cjs/loader.js:815:32)\n    at Module._load (internal/modules/cjs/loader.js:727:14)\n    at Function.module_1.default._load (C:\\Users\\jkho021\\AppData\\Local\\Cypress\\Cache\\12.11.0\\Cypress\\resources\\app\\node_modules\\@packages\\server\\node_modules\\@cypress\\webpack-dev-server\\dist\\helpers\\sourceRelativeWebpackModules.js:99:16)\n    at Module.require (internal/modules/cjs/loader.js:852:19)\n    at require (internal/modules/cjs/helpers.js:74:18)\n    at getDefaultSassImplementation (C:\\Users\\jkho021\\Workspace\\web\\mapintegratedvuer\\node_modules\\sass-loader\\dist\\getDefaultSassImplementation.js:24:10)\n    at getSassImplementation (C:\\Users\\jkho021\\Workspace\\web\\mapintegratedvuer\\node_modules\\sass-loader\\dist\\getSassImplementation.js:19:72)\n    at Object.loader (C:\\Users\\jkho021\\Workspace\\web\\mapintegratedvuer\\node_modules\\sass-loader\\dist\\index.js:40:61)\n\nWhen Cypress detects uncaught errors originating from your test code it will automatically fail the current test.\n\nCypress could not associate this error to any specific test.\n\nWe dynamically generated a new test to display this failure.",
            "estack": "Error: The following error originated from your test code, not from Cypress.\n\n  > Module build failed (from ./node_modules/sass-loader/dist/cjs.js):\nError: ENOENT: no such file or directory, scandir 'C:\\Users\\jkho021\\Workspace\\web\\mapintegratedvuer\\node_modules\\node-sass\\vendor'\n    at Object.readdirSync (fs.js:854:3)\n    at Object.getInstalledBinaries (C:\\Users\\jkho021\\Workspace\\web\\mapintegratedvuer\\node_modules\\node-sass\\lib\\extensions.js:133:13)\n    at foundBinariesList (C:\\Users\\jkho021\\Workspace\\web\\mapintegratedvuer\\node_modules\\node-sass\\lib\\errors.js:20:15)\n    at foundBinaries (C:\\Users\\jkho021\\Workspace\\web\\mapintegratedvuer\\node_modules\\node-sass\\lib\\errors.js:15:5)\n    at Object.module.exports.missingBinary (C:\\Users\\jkho021\\Workspace\\web\\mapintegratedvuer\\node_modules\\node-sass\\lib\\errors.js:45:5)\n    at module.exports (C:\\Users\\jkho021\\Workspace\\web\\mapintegratedvuer\\node_modules\\node-sass\\lib\\binding.js:15:30)\n    at Object.<anonymous> (C:\\Users\\jkho021\\Workspace\\web\\mapintegratedvuer\\node_modules\\node-sass\\lib\\index.js:14:35)\n    at Module._compile (internal/modules/cjs/loader.js:959:30)\n    at Object.Module._extensions..js (internal/modules/cjs/loader.js:995:10)\n    at Module.load (internal/modules/cjs/loader.js:815:32)\n    at Module._load (internal/modules/cjs/loader.js:727:14)\n    at Function.module_1.default._load (C:\\Users\\jkho021\\AppData\\Local\\Cypress\\Cache\\12.11.0\\Cypress\\resources\\app\\node_modules\\@packages\\server\\node_modules\\@cypress\\webpack-dev-server\\dist\\helpers\\sourceRelativeWebpackModules.js:99:16)\n    at Module.require (internal/modules/cjs/loader.js:852:19)\n    at require (internal/modules/cjs/helpers.js:74:18)\n    at getDefaultSassImplementation (C:\\Users\\jkho021\\Workspace\\web\\mapintegratedvuer\\node_modules\\sass-loader\\dist\\getDefaultSassImplementation.js:24:10)\n    at getSassImplementation (C:\\Users\\jkho021\\Workspace\\web\\mapintegratedvuer\\node_modules\\sass-loader\\dist\\getSassImplementation.js:19:72)\n    at Object.loader (C:\\Users\\jkho021\\Workspace\\web\\mapintegratedvuer\\node_modules\\sass-loader\\dist\\index.js:40:61)\n\nWhen Cypress detects uncaught errors originating from your test code it will automatically fail the current test.\n\nCypress could not associate this error to any specific test.\n\nWe dynamically generated a new test to display this failure.\n    at ./node_modules/css-loader/dist/cjs.js?!./node_modules/vue-loader/lib/loaders/stylePostLoader.js!./node_modules/postcss-loader/src/index.js?!./node_modules/sass-loader/dist/cjs.js?!./node_modules/cache-loader/dist/cjs.js?!./node_modules/vue-loader/lib/index.js?!./src/components/DialogToolbarContent.vue?vue&type=style&index=0&id=461315d4&scoped=true&lang=scss& (http://localhost:64758/__cypress/src/spec-0.js:216170:7)\n    at __webpack_require__ (http://localhost:64758/__cypress/src/main.js:64:30)\n    at ./node_modules/vue-style-loader/index.js?!./node_modules/css-loader/dist/cjs.js?!./node_modules/vue-loader/lib/loaders/stylePostLoader.js!./node_modules/postcss-loader/src/index.js?!./node_modules/sass-loader/dist/cjs.js?!./node_modules/cache-loader/dist/cjs.js?!./node_modules/vue-loader/lib/index.js?!./src/components/DialogToolbarContent.vue?vue&type=style&index=0&id=461315d4&scoped=true&lang=scss& (webpack:///./src/components/DialogToolbarContent.vue?45ce:4:14)\n    at __webpack_require__ (http://localhost:64758/__cypress/src/main.js:64:30)\n    at ./src/components/DialogToolbarContent.vue?vue&type=style&index=0&id=461315d4&scoped=true&lang=scss& (webpack:///./src/components/DialogToolbarContent.vue?4e93:1:0)\n    at __webpack_require__ (http://localhost:64758/__cypress/src/main.js:64:30)\n    at ./src/components/DialogToolbarContent.vue (webpack:///./src/components/DialogToolbarContent.vue?80c9:1:0)\n    at __webpack_require__ (http://localhost:64758/__cypress/src/main.js:64:30)\n    at ./node_modules/cache-loader/dist/cjs.js?!./node_modules/babel-loader/lib/index.js!./node_modules/cache-loader/dist/cjs.js?!./node_modules/vue-loader/lib/index.js?!./src/components/SplitFlow.vue?vue&type=script&lang=js& (http://localhost:64758/__cypress/src/spec-0.js:198333:80)\n    at __webpack_require__ (http://localhost:64758/__cypress/src/main.js:64:30)",
            "diff": null
          },
          "uuid": "e4f4dbeb-4d8c-4c67-96a5-c6db5213b4d0",
          "parentUUID": "2c68233f-0efc-4e0c-99f1-e51972cc8d92",
          "isHook": false,
          "skipped": false
        }
      ],
      "suites": [],
      "passes": [],
      "failures": [
        "e4f4dbeb-4d8c-4c67-96a5-c6db5213b4d0"
      ],
      "pending": [],
      "skipped": [],
      "duration": 604,
      "root": true,
      "rootEmpty": false,
      "_timeout": 2000
    }
  ],
  "meta": {
    "mocha": {
      "version": "7.0.1"
    },
    "mochawesome": {
      "options": {
        "quiet": false,
        "reportFilename": "mochawesome",
        "saveHtml": false,
        "saveJson": true,
        "consoleReporter": "spec",
        "useInlineDiffs": false,
        "code": true
      },
      "version": "7.1.3"
    },
    "marge": {
      "options": {
        "id": "default",
        "reportDir": "cypress/results/json",
        "overwrite": false,
        "html": false,
        "json": true
      },
      "version": "6.2.0"
    }
  }
}